CRITICAL - 2025-07-03 00:00:00 --> ParseError: Unclosed '{' on line 8
[Method: GET, Route: install]
in APPPATH/Controllers/InstallController.php on line 136.
 1 VENDORPATH/composer/ClassLoader.php(427): Composer\Autoload\{closure}()
 2 [internal function]: Composer\Autoload\ClassLoader->loadClass()
 3 SYSTEMPATH/CodeIgniter.php(885): class_exists()
 4 SYSTEMPATH/CodeIgniter.php(494): CodeIgniter\CodeIgniter->startController()
 5 SYSTEMPATH/CodeIgniter.php(354): CodeIgniter\CodeIgniter->handleRequest()
 6 SYSTEMPATH/Boot.php(334): CodeIgniter\CodeIgniter->run()
 7 SYSTEMPATH/Boot.php(67): CodeIgniter\Boot::runCodeIgniter()
 8 FCPATH/index.php(59): CodeIgniter\Boot::bootWeb()
ERROR - 2025-07-03 00:00:33 --> Error connecting to the database: ErrorException: Uninitialized string offset 0 in /www/wwwroot/henlabs.net/vendor/codeigniter4/framework/system/Database/MySQLi/Connection.php:105
Stack trace:
#0 /www/wwwroot/henlabs.net/vendor/codeigniter4/framework/system/Database/MySQLi/Connection.php(105): CodeIgniter\Debug\Exceptions->errorHandler()
#1 /www/wwwroot/henlabs.net/vendor/codeigniter4/framework/system/Database/BaseConnection.php(421): CodeIgniter\Database\MySQLi\Connection->connect()
#2 /www/wwwroot/henlabs.net/vendor/codeigniter4/framework/system/Database/BaseConnection.php(620): CodeIgniter\Database\BaseConnection->initialize()
#3 /www/wwwroot/henlabs.net/vendor/codeigniter4/framework/system/Database/BaseBuilder.php(1649): CodeIgniter\Database\BaseConnection->query()
#4 /www/wwwroot/henlabs.net/vendor/codeigniter4/settings/src/Handlers/DatabaseHandler.php(186): CodeIgniter\Database\BaseBuilder->get()
#5 /www/wwwroot/henlabs.net/vendor/codeigniter4/settings/src/Handlers/DatabaseHandler.php(51): CodeIgniter\Settings\Handlers\DatabaseHandler->hydrate()
#6 /www/wwwroot/henlabs.net/vendor/codeigniter4/settings/src/Settings.php(59): CodeIgniter\Settings\Handlers\DatabaseHandler->has()
#7 /www/wwwroot/henlabs.net/vendor/codeigniter4/settings/src/Helpers/setting_helper.php(25): CodeIgniter\Settings\Settings->get()
#8 /www/wwwroot/henlabs.net/vendor/codeigniter4/shield/src/Authentication/Authenticators/Session.php(685): setting()
#9 /www/wwwroot/henlabs.net/vendor/codeigniter4/shield/src/Authentication/Authenticators/Session.php(703): CodeIgniter\Shield\Authentication\Authenticators\Session->getSessionUserInfo()
#10 /www/wwwroot/henlabs.net/vendor/codeigniter4/shield/src/Authentication/Authenticators/Session.php(390): CodeIgniter\Shield\Authentication\Authenticators\Session->getSessionUserKey()
#11 /www/wwwroot/henlabs.net/vendor/codeigniter4/shield/src/Authentication/Authenticators/Session.php(374): CodeIgniter\Shield\Authentication\Authenticators\Session->checkUserState()
#12 /www/wwwroot/henlabs.net/vendor/codeigniter4/shield/src/Auth.php(191): CodeIgniter\Shield\Authentication\Authenticators\Session->loggedIn()
#13 /www/wwwroot/henlabs.net/vendor/codeigniter4/shield/src/Collectors/Auth.php(76): CodeIgniter\Shield\Auth->__call()
#14 /www/wwwroot/henlabs.net/vendor/codeigniter4/framework/system/Debug/Toolbar/Collectors/BaseCollector.php(228): CodeIgniter\Shield\Collectors\Auth->display()
#15 /www/wwwroot/henlabs.net/vendor/codeigniter4/framework/system/Debug/Toolbar.php(95): CodeIgniter\Debug\Toolbar\Collectors\BaseCollector->getAsArray()
#16 /www/wwwroot/henlabs.net/vendor/codeigniter4/framework/system/Debug/Toolbar.php(390): CodeIgniter\Debug\Toolbar->run()
#17 /www/wwwroot/henlabs.net/vendor/codeigniter4/framework/system/Filters/DebugToolbar.php(44): CodeIgniter\Debug\Toolbar->prepare()
#18 /www/wwwroot/henlabs.net/vendor/codeigniter4/framework/system/Filters/Filters.php(278): CodeIgniter\Filters\DebugToolbar->after()
#19 /www/wwwroot/henlabs.net/vendor/codeigniter4/framework/system/Filters/Filters.php(225): CodeIgniter\Filters\Filters->runAfter()
#20 /www/wwwroot/henlabs.net/vendor/codeigniter4/framework/system/CodeIgniter.php(525): CodeIgniter\Filters\Filters->run()
#21 /www/wwwroot/henlabs.net/vendor/codeigniter4/framework/system/CodeIgniter.php(354): CodeIgniter\CodeIgniter->handleRequest()
#22 /www/wwwroot/henlabs.net/vendor/codeigniter4/framework/system/Boot.php(334): CodeIgniter\CodeIgniter->run()
#23 /www/wwwroot/henlabs.net/vendor/codeigniter4/framework/system/Boot.php(67): CodeIgniter\Boot::runCodeIgniter()
#24 /www/wwwroot/henlabs.net/public/index.php(59): CodeIgniter\Boot::bootWeb()
#25 {main}
CRITICAL - 2025-07-03 00:00:33 --> CodeIgniter\Database\Exceptions\DatabaseException: Unable to connect to the database.
Main connection [MySQLi]: Uninitialized string offset 0
[Method: GET, Route: install]
in SYSTEMPATH/Database/BaseConnection.php on line 467.
 1 SYSTEMPATH/Database/BaseConnection.php(620): CodeIgniter\Database\BaseConnection->initialize()
 2 SYSTEMPATH/Database/BaseBuilder.php(1649): CodeIgniter\Database\BaseConnection->query()
 3 VENDORPATH/codeigniter4/settings/src/Handlers/DatabaseHandler.php(186): CodeIgniter\Database\BaseBuilder->get()
 4 VENDORPATH/codeigniter4/settings/src/Handlers/DatabaseHandler.php(51): CodeIgniter\Settings\Handlers\DatabaseHandler->hydrate()
 5 VENDORPATH/codeigniter4/settings/src/Settings.php(59): CodeIgniter\Settings\Handlers\DatabaseHandler->has()
 6 VENDORPATH/codeigniter4/settings/src/Helpers/setting_helper.php(25): CodeIgniter\Settings\Settings->get()
 7 VENDORPATH/codeigniter4/shield/src/Authentication/Authenticators/Session.php(685): setting()
 8 VENDORPATH/codeigniter4/shield/src/Authentication/Authenticators/Session.php(703): CodeIgniter\Shield\Authentication\Authenticators\Session->getSessionUserInfo()
 9 VENDORPATH/codeigniter4/shield/src/Authentication/Authenticators/Session.php(390): CodeIgniter\Shield\Authentication\Authenticators\Session->getSessionUserKey()
10 VENDORPATH/codeigniter4/shield/src/Authentication/Authenticators/Session.php(374): CodeIgniter\Shield\Authentication\Authenticators\Session->checkUserState()
11 VENDORPATH/codeigniter4/shield/src/Auth.php(191): CodeIgniter\Shield\Authentication\Authenticators\Session->loggedIn()
12 VENDORPATH/codeigniter4/shield/src/Collectors/Auth.php(76): CodeIgniter\Shield\Auth->__call()
13 SYSTEMPATH/Debug/Toolbar/Collectors/BaseCollector.php(228): CodeIgniter\Shield\Collectors\Auth->display()
14 SYSTEMPATH/Debug/Toolbar.php(95): CodeIgniter\Debug\Toolbar\Collectors\BaseCollector->getAsArray()
15 SYSTEMPATH/Debug/Toolbar.php(390): CodeIgniter\Debug\Toolbar->run()
16 SYSTEMPATH/Filters/DebugToolbar.php(44): CodeIgniter\Debug\Toolbar->prepare()
17 SYSTEMPATH/Filters/Filters.php(278): CodeIgniter\Filters\DebugToolbar->after()
18 SYSTEMPATH/Filters/Filters.php(225): CodeIgniter\Filters\Filters->runAfter()
19 SYSTEMPATH/CodeIgniter.php(525): CodeIgniter\Filters\Filters->run()
20 SYSTEMPATH/CodeIgniter.php(354): CodeIgniter\CodeIgniter->handleRequest()
21 SYSTEMPATH/Boot.php(334): CodeIgniter\CodeIgniter->run()
22 SYSTEMPATH/Boot.php(67): CodeIgniter\Boot::runCodeIgniter()
23 FCPATH/index.php(59): CodeIgniter\Boot::bootWeb()
